<?xml version="1.0" encoding="UTF-8"?>
<!-- Generated by org.testng.reporters.JUnitReportReporter -->
<testsuite hostname="DELL" failures="0" tests="3" name="com.CrmProTest.qa.Test.LoginPageTest" time="52.583" errors="0" timestamp="2024-03-30T11:52:20 IST" skipped="0">
  <testcase classname="com.CrmProTest.qa.Test.LoginPageTest" name="logintitle" time="10.977"/>
  <testcase classname="com.CrmProTest.qa.Test.LoginPageTest" name="logotest" time="14.628"/>
  <testcase classname="com.CrmProTest.qa.Test.LoginPageTest" name="logintest" time="26.978"/>
</testsuite> <!-- com.CrmProTest.qa.Test.LoginPageTest -->
