<?xml version="1.0" encoding="UTF-8"?>
<!-- Generated by org.testng.reporters.JUnitReportReporter -->
<testsuite hostname="DELL" failures="0" tests="3" name="com.CrmProTest.qa.Test.HomePageTest" time="118.588" errors="0" timestamp="2024-03-30T11:52:20 IST" skipped="0">
  <testcase classname="com.CrmProTest.qa.Test.HomePageTest" name="verifyhomepagetitletest" time="37.546"/>
  <testcase classname="com.CrmProTest.qa.Test.HomePageTest" name="verifyhomelabel" time="41.080"/>
  <testcase classname="com.CrmProTest.qa.Test.HomePageTest" name="verifyclickoncontacts" time="39.962"/>
</testsuite> <!-- com.CrmProTest.qa.Test.HomePageTest -->
