<?xml version="1.0" encoding="UTF-8"?>
<!-- Generated by org.testng.reporters.JUnitReportReporter -->
<testsuite hostname="DELL" failures="0" tests="3" name="com.EcommerceTest.qa.Test.LoginPageTest" time="50.307" errors="0" timestamp="2024-03-29T13:18:19 IST" skipped="0">
  <testcase classname="com.EcommerceTest.qa.Test.LoginPageTest" name="logintitle" time="11.045"/>
  <testcase classname="com.EcommerceTest.qa.Test.LoginPageTest" name="logotest" time="12.052"/>
  <testcase classname="com.EcommerceTest.qa.Test.LoginPageTest" name="logintest" time="27.210"/>
</testsuite> <!-- com.EcommerceTest.qa.Test.LoginPageTest -->
